2018-05-23 12:36:14.537 [main] INFO  io.AAdmin - Listar contenido seleccionado.
2018-05-23 12:36:20.622 [main] INFO  io.AAdmin - Listando contenidos de Documents
2018-05-23 12:36:22.767 [main] INFO  io.AAdmin - Se encontraron 4231 elementos
2018-05-23 12:36:23.706 [main] INFO  io.AAdmin - Resultados guardados en Documents.txt
2018-05-23 12:39:01.041 [main] INFO  io.AAdmin - Listar contenido seleccionado.
2018-05-23 12:39:07.471 [main] INFO  io.AAdmin - Listando contenidos de io
2018-05-23 12:39:07.484 [main] ERROR io.AAdmin - Path io no existe o no es directorio
2018-05-23 12:39:07.489 [main] INFO  io.AAdmin - Resultados guardados en io.txt
2018-05-23 12:39:41.161 [main] INFO  io.AAdmin - Listar contenido seleccionado.
2018-05-23 12:39:53.976 [main] INFO  io.AAdmin - Listando contenidos de io
2018-05-23 12:39:53.990 [main] ERROR io.AAdmin - Path C:\Users\Cachorrito\Documents\io no existe o no es directorio
2018-05-23 12:39:53.994 [main] INFO  io.AAdmin - Resultados guardados en io.txt
2018-05-23 12:41:17.914 [main] INFO  io.AAdmin - Listar contenido seleccionado.
2018-05-23 12:41:43.093 [main] INFO  io.AAdmin - Listando contenidos de Downloads
2018-05-23 12:41:43.121 [main] INFO  io.AAdmin - Se encontraron 4 elementos
2018-05-23 12:41:43.127 [main] INFO  io.AAdmin - Resultados guardados en Downloads.txt
2018-05-23 12:42:15.667 [main] INFO  io.AAdmin - Saliendo...
2018-05-23 12:48:55.749 [main] INFO  io.AAdmin - Listar contenido seleccionado.
2018-05-23 12:49:01.553 [main] INFO  io.AAdmin - Listando contenidos de io
2018-05-23 12:49:01.576 [main] INFO  io.AAdmin - Se encontraron 4 elementos
2018-05-23 12:49:01.583 [main] INFO  io.AAdmin - Resultados guardados en io.txt
2018-05-23 12:49:27.522 [main] INFO  io.AAdmin - Saliendo...
2018-05-23 12:53:14.057 [main] INFO  io.AAdmin - Listar contenido seleccionado.
2018-05-23 12:56:49.584 [main] INFO  io.AAdmin - Listando contenidos de logs
2018-05-23 12:56:49.609 [main] INFO  io.AAdmin - Se encontraron 1 elementos
2018-05-23 12:56:49.615 [main] INFO  io.AAdmin - Resultados guardados en logs.txt
2018-05-23 12:58:18.581 [main] INFO  io.AAdmin - Listar contenido seleccionado.
2018-05-23 12:58:23.720 [main] INFO  io.AAdmin - Listando contenidos de logs
2018-05-23 12:58:23.724 [main] INFO  io.AAdmin - Se encontraron 1 elementos
2018-05-23 13:00:53.237 [main] INFO  io.AAdmin - Listar contenido seleccionado.
2018-05-23 13:01:59.767 [main] INFO  io.AAdmin - Listando contenidos de aadmin.log
2018-05-23 13:01:59.788 [main] ERROR io.AAdmin - Path C:\Users\Cachorrito\Documents\act\Part1\logs\aadmin.log no existe o no es directorio
2018-05-23 13:01:59.792 [main] INFO  io.AAdmin - Resultados guardados en aadmin.log.txt
2018-05-23 13:02:05.911 [main] INFO  io.AAdmin - Listar contenido seleccionado.
2018-05-23 13:02:18.901 [main] INFO  io.AAdmin - Listando contenidos de logs
2018-05-23 13:02:18.916 [main] INFO  io.AAdmin - Se encontraron 1 elementos
2018-05-23 13:02:18.922 [main] INFO  io.AAdmin - Resultados guardados en logs.txt
2018-05-23 13:10:21.807 [main] INFO  io.AAdmin - Listar contenido seleccionado.
2018-05-23 13:10:26.452 [main] INFO  io.AAdmin - Listando contenidos de aadmin.log
2018-05-23 13:10:26.472 [main] ERROR io.AAdmin - Path C:\Users\Cachorrito\Documents\act\Part1\logs\aadmin.log no existe o no es directorio
2018-05-23 13:10:26.475 [main] INFO  io.AAdmin - Resultados guardados en aadmin.log.txt
